build/outputs/logs/manifest-merger-release-report.txt
-- Merging decision tree log ---
manifest
ADDED from AndroidStudioProjects\RJGC\AndroidManifest.xml:2:1-133:12
	xmlns:android
		ADDED from AndroidStudioProjects\RJGC\AndroidManifest.xml:2:11-69
	package
		ADDED from AndroidStudioProjects\RJGC\AndroidManifest.xml:3:5-34
	android:versionName
		ADDED from AndroidStudioProjects\RJGC\AndroidManifest.xml:5:5-30
	android:versionCode
		ADDED from AndroidStudioProjects\RJGC\AndroidManifest.xml:4:5-28
		INJECTED from AndroidStudioProjects\RJGC\AndroidManifest.xml
		INJECTED from AndroidStudioProjects\RJGC\AndroidManifest.xml
uses-sdk
ADDED from AndroidStudioProjects\RJGC\AndroidManifest.xml:7:5-9:41
	android:targetSdkVersion
		ADDED from AndroidStudioProjects\RJGC\AndroidManifest.xml:9:9-38
	android:minSdkVersion
		ADDED from AndroidStudioProjects\RJGC\AndroidManifest.xml:8:9-35
android:uses-permission#android.permission.WRITE_EXTERNAL_STORAGE
ADDED from AndroidStudioProjects\RJGC\AndroidManifest.xml:11:5-89
	android:name
		ADDED from AndroidStudioProjects\RJGC\AndroidManifest.xml:11:30-86
android:uses-permission#android.permission.READ_PHONE_STATE
ADDED from AndroidStudioProjects\RJGC\AndroidManifest.xml:12:5-83
	android:name
		ADDED from AndroidStudioProjects\RJGC\AndroidManifest.xml:12:30-80
android:uses-permission#android.permission.READ_EXTERNAL_STORAGE
ADDED from AndroidStudioProjects\RJGC\AndroidManifest.xml:13:5-88
	android:name
		ADDED from AndroidStudioProjects\RJGC\AndroidManifest.xml:13:30-85
application
ADDED from AndroidStudioProjects\RJGC\AndroidManifest.xml:15:5-131:19
	android:label
		ADDED from AndroidStudioProjects\RJGC\AndroidManifest.xml:18:9-41
	android:allowBackup
		ADDED from AndroidStudioProjects\RJGC\AndroidManifest.xml:16:9-35
	android:icon
		ADDED from AndroidStudioProjects\RJGC\AndroidManifest.xml:17:9-45
	android:theme
		ADDED from AndroidStudioProjects\RJGC\AndroidManifest.xml:19:9-40
activity#com.WE.shorttour_a3.MainActivity
ADDED from AndroidStudioProjects\RJGC\AndroidManifest.xml:20:9-28:20
	android:label
		ADDED from AndroidStudioProjects\RJGC\AndroidManifest.xml:22:13-45
	android:name
		ADDED from AndroidStudioProjects\RJGC\AndroidManifest.xml:21:13-41
intent-filter#android.intent.action.MAIN+android.intent.category.LAUNCHER
ADDED from AndroidStudioProjects\RJGC\AndroidManifest.xml:23:13-27:29
action#android.intent.action.MAIN
ADDED from AndroidStudioProjects\RJGC\AndroidManifest.xml:24:17-69
	android:name
		ADDED from AndroidStudioProjects\RJGC\AndroidManifest.xml:24:25-66
category#android.intent.category.LAUNCHER
ADDED from AndroidStudioProjects\RJGC\AndroidManifest.xml:26:17-77
	android:name
		ADDED from AndroidStudioProjects\RJGC\AndroidManifest.xml:26:27-74
activity#com.WE.shorttour_a3.Activity_Mine
ADDED from AndroidStudioProjects\RJGC\AndroidManifest.xml:29:9-37:20
	android:label
		ADDED from AndroidStudioProjects\RJGC\AndroidManifest.xml:31:13-31
	android:name
		ADDED from AndroidStudioProjects\RJGC\AndroidManifest.xml:30:13-42
intent-filter#android.intent.action.Activity_Mine+android.intent.category.Activity_Mine
ADDED from AndroidStudioProjects\RJGC\AndroidManifest.xml:32:13-36:29
action#android.intent.action.Activity_Mine
ADDED from AndroidStudioProjects\RJGC\AndroidManifest.xml:33:17-78
	android:name
		ADDED from AndroidStudioProjects\RJGC\AndroidManifest.xml:33:25-75
category#android.intent.category.Activity_Mine
ADDED from AndroidStudioProjects\RJGC\AndroidManifest.xml:35:17-82
	android:name
		ADDED from AndroidStudioProjects\RJGC\AndroidManifest.xml:35:27-79
activity#com.WE.shorttour_a3.Activity_Chat
ADDED from AndroidStudioProjects\RJGC\AndroidManifest.xml:38:9-46:20
	android:label
		ADDED from AndroidStudioProjects\RJGC\AndroidManifest.xml:40:13-31
	android:name
		ADDED from AndroidStudioProjects\RJGC\AndroidManifest.xml:39:13-42
intent-filter#android.intent.action.Activity_Chat+android.intent.category.Activity_Chat
ADDED from AndroidStudioProjects\RJGC\AndroidManifest.xml:41:13-45:29
action#android.intent.action.Activity_Chat
ADDED from AndroidStudioProjects\RJGC\AndroidManifest.xml:42:17-78
	android:name
		ADDED from AndroidStudioProjects\RJGC\AndroidManifest.xml:42:25-75
category#android.intent.category.Activity_Chat
ADDED from AndroidStudioProjects\RJGC\AndroidManifest.xml:44:17-82
	android:name
		ADDED from AndroidStudioProjects\RJGC\AndroidManifest.xml:44:27-79
activity#com.WE.shorttour_a3.SearchActivity
ADDED from AndroidStudioProjects\RJGC\AndroidManifest.xml:47:9-55:20
	android:label
		ADDED from AndroidStudioProjects\RJGC\AndroidManifest.xml:49:13-37
	android:name
		ADDED from AndroidStudioProjects\RJGC\AndroidManifest.xml:48:13-43
intent-filter#android.intent.action.SearchActivity+android.intent.category.SearchActivity
ADDED from AndroidStudioProjects\RJGC\AndroidManifest.xml:50:13-54:29
action#android.intent.action.SearchActivity
ADDED from AndroidStudioProjects\RJGC\AndroidManifest.xml:51:17-79
	android:name
		ADDED from AndroidStudioProjects\RJGC\AndroidManifest.xml:51:25-76
category#android.intent.category.SearchActivity
ADDED from AndroidStudioProjects\RJGC\AndroidManifest.xml:53:17-83
	android:name
		ADDED from AndroidStudioProjects\RJGC\AndroidManifest.xml:53:27-80
activity#com.WE.shorttour_a3.IntroductionActivity
ADDED from AndroidStudioProjects\RJGC\AndroidManifest.xml:56:9-64:20
	android:label
		ADDED from AndroidStudioProjects\RJGC\AndroidManifest.xml:58:13-37
	android:name
		ADDED from AndroidStudioProjects\RJGC\AndroidManifest.xml:57:13-49
intent-filter#android.intent.action.IntroductionActivity+android.intent.category.IntroductionActivity
ADDED from AndroidStudioProjects\RJGC\AndroidManifest.xml:59:13-63:29
action#android.intent.action.IntroductionActivity
ADDED from AndroidStudioProjects\RJGC\AndroidManifest.xml:60:17-85
	android:name
		ADDED from AndroidStudioProjects\RJGC\AndroidManifest.xml:60:25-82
category#android.intent.category.IntroductionActivity
ADDED from AndroidStudioProjects\RJGC\AndroidManifest.xml:62:17-89
	android:name
		ADDED from AndroidStudioProjects\RJGC\AndroidManifest.xml:62:27-86
activity#com.WE.shorttour_a3.GroupTour_Activity
ADDED from AndroidStudioProjects\RJGC\AndroidManifest.xml:65:9-73:20
	android:label
		ADDED from AndroidStudioProjects\RJGC\AndroidManifest.xml:67:13-32
	android:name
		ADDED from AndroidStudioProjects\RJGC\AndroidManifest.xml:66:13-47
intent-filter#android.intent.action.GroupTour_Activity+android.intent.category.GroupTour_Activity
ADDED from AndroidStudioProjects\RJGC\AndroidManifest.xml:68:13-72:29
action#android.intent.action.GroupTour_Activity
ADDED from AndroidStudioProjects\RJGC\AndroidManifest.xml:69:17-83
	android:name
		ADDED from AndroidStudioProjects\RJGC\AndroidManifest.xml:69:25-80
category#android.intent.category.GroupTour_Activity
ADDED from AndroidStudioProjects\RJGC\AndroidManifest.xml:71:17-87
	android:name
		ADDED from AndroidStudioProjects\RJGC\AndroidManifest.xml:71:27-84
activity#com.WE.shorttour_a3.SearchResultActivity
ADDED from AndroidStudioProjects\RJGC\AndroidManifest.xml:74:9-82:20
	android:label
		ADDED from AndroidStudioProjects\RJGC\AndroidManifest.xml:76:13-33
	android:name
		ADDED from AndroidStudioProjects\RJGC\AndroidManifest.xml:75:13-49
intent-filter#android.intent.action.SearchResultActivity+android.intent.category.SearchResultActivity
ADDED from AndroidStudioProjects\RJGC\AndroidManifest.xml:77:13-81:29
action#android.intent.action.SearchResultActivity
ADDED from AndroidStudioProjects\RJGC\AndroidManifest.xml:78:17-85
	android:name
		ADDED from AndroidStudioProjects\RJGC\AndroidManifest.xml:78:25-82
category#android.intent.category.SearchResultActivity
ADDED from AndroidStudioProjects\RJGC\AndroidManifest.xml:80:17-89
	android:name
		ADDED from AndroidStudioProjects\RJGC\AndroidManifest.xml:80:27-86
activity#com.WE.shorttour_a3.CreateActivity
ADDED from AndroidStudioProjects\RJGC\AndroidManifest.xml:83:9-91:20
	android:label
		ADDED from AndroidStudioProjects\RJGC\AndroidManifest.xml:85:13-36
	android:name
		ADDED from AndroidStudioProjects\RJGC\AndroidManifest.xml:84:13-43
intent-filter#android.intent.action.CreateActivity+android.intent.category.CreateActivity
ADDED from AndroidStudioProjects\RJGC\AndroidManifest.xml:86:13-90:29
action#android.intent.action.CreateActivity
ADDED from AndroidStudioProjects\RJGC\AndroidManifest.xml:87:17-79
	android:name
		ADDED from AndroidStudioProjects\RJGC\AndroidManifest.xml:87:25-76
category#android.intent.category.CreateActivity
ADDED from AndroidStudioProjects\RJGC\AndroidManifest.xml:89:17-83
	android:name
		ADDED from AndroidStudioProjects\RJGC\AndroidManifest.xml:89:27-80
activity#com.WE.shorttour_a3.GroupChatActivity
ADDED from AndroidStudioProjects\RJGC\AndroidManifest.xml:92:9-100:20
	android:label
		ADDED from AndroidStudioProjects\RJGC\AndroidManifest.xml:94:13-31
	android:name
		ADDED from AndroidStudioProjects\RJGC\AndroidManifest.xml:93:13-46
intent-filter#android.intent.action.GroupChatActivity+android.intent.category.GroupChatActivity
ADDED from AndroidStudioProjects\RJGC\AndroidManifest.xml:95:13-99:29
action#android.intent.action.GroupChatActivity
ADDED from AndroidStudioProjects\RJGC\AndroidManifest.xml:96:17-82
	android:name
		ADDED from AndroidStudioProjects\RJGC\AndroidManifest.xml:96:25-79
category#android.intent.category.GroupChatActivity
ADDED from AndroidStudioProjects\RJGC\AndroidManifest.xml:98:17-86
	android:name
		ADDED from AndroidStudioProjects\RJGC\AndroidManifest.xml:98:27-83
activity#com.WE.shorttour_a3.TourInfoActivity
ADDED from AndroidStudioProjects\RJGC\AndroidManifest.xml:101:9-109:20
	android:label
		ADDED from AndroidStudioProjects\RJGC\AndroidManifest.xml:103:13-35
	android:name
		ADDED from AndroidStudioProjects\RJGC\AndroidManifest.xml:102:13-45
intent-filter#android.intent.action.TourInfoActivity+android.intent.category.TourInfoActivity
ADDED from AndroidStudioProjects\RJGC\AndroidManifest.xml:104:13-108:29
action#android.intent.action.TourInfoActivity
ADDED from AndroidStudioProjects\RJGC\AndroidManifest.xml:105:17-81
	android:name
		ADDED from AndroidStudioProjects\RJGC\AndroidManifest.xml:105:25-78
category#android.intent.category.TourInfoActivity
ADDED from AndroidStudioProjects\RJGC\AndroidManifest.xml:107:17-85
	android:name
		ADDED from AndroidStudioProjects\RJGC\AndroidManifest.xml:107:27-82
activity#com.WE.shorttour_a3.MyCollectionActivity
ADDED from AndroidStudioProjects\RJGC\AndroidManifest.xml:110:9-118:20
	android:label
		ADDED from AndroidStudioProjects\RJGC\AndroidManifest.xml:112:13-33
	android:name
		ADDED from AndroidStudioProjects\RJGC\AndroidManifest.xml:111:13-49
intent-filter#android.intent.action.MyCollectionActivity+android.intent.category.MyCollectionActivity
ADDED from AndroidStudioProjects\RJGC\AndroidManifest.xml:113:13-117:29
action#android.intent.action.MyCollectionActivity
ADDED from AndroidStudioProjects\RJGC\AndroidManifest.xml:114:17-85
	android:name
		ADDED from AndroidStudioProjects\RJGC\AndroidManifest.xml:114:25-82
category#android.intent.category.MyCollectionActivity
ADDED from AndroidStudioProjects\RJGC\AndroidManifest.xml:116:17-89
	android:name
		ADDED from AndroidStudioProjects\RJGC\AndroidManifest.xml:116:27-86
activity#com.WE.shorttour_a3.RegisterActivity
ADDED from AndroidStudioProjects\RJGC\AndroidManifest.xml:119:9-121:45
	android:label
		ADDED from AndroidStudioProjects\RJGC\AndroidManifest.xml:121:13-33
	android:name
		ADDED from AndroidStudioProjects\RJGC\AndroidManifest.xml:120:13-45
activity#com.WE.shorttour_a3.LoginActivity
ADDED from AndroidStudioProjects\RJGC\AndroidManifest.xml:122:9-124:45
	android:label
		ADDED from AndroidStudioProjects\RJGC\AndroidManifest.xml:124:13-33
	android:name
		ADDED from AndroidStudioProjects\RJGC\AndroidManifest.xml:123:13-42
activity#com.WE.shorttour_a3.UserInfomationActivity
ADDED from AndroidStudioProjects\RJGC\AndroidManifest.xml:125:9-127:47
	android:label
		ADDED from AndroidStudioProjects\RJGC\AndroidManifest.xml:127:13-35
	android:name
		ADDED from AndroidStudioProjects\RJGC\AndroidManifest.xml:126:13-51
activity#com.WE.shorttour_a3.NewIntroductionActivity
ADDED from AndroidStudioProjects\RJGC\AndroidManifest.xml:128:9-130:45
	android:label
		ADDED from AndroidStudioProjects\RJGC\AndroidManifest.xml:130:13-33
	android:name
		ADDED from AndroidStudioProjects\RJGC\AndroidManifest.xml:129:13-52